TN:
SF:D:\projects\github\crossoverfrontendarchitect\src\client\scripts\app\todo.module.js
FN:1,(anonymous_1)
FNF:1
FNH:1
FNDA:1,(anonymous_1)
DA:1,1
DA:4,1
LF:2
LH:2
BRF:0
BRH:0
end_of_record
TN:
SF:D:\projects\github\crossoverfrontendarchitect\src\client\scripts\app\todo.consts.js
FN:1,(anonymous_1)
FNF:1
FNH:1
FNDA:1,(anonymous_1)
DA:1,1
DA:2,1
LF:2
LH:2
BRF:0
BRH:0
end_of_record
TN:
SF:D:\projects\github\crossoverfrontendarchitect\src\client\scripts\app\todo.auth.service.js
FN:1,(anonymous_1)
FN:7,AuthFactory
FN:10,getUser
FN:26,(anonymous_4)
FN:30,(anonymous_5)
FN:34,(anonymous_6)
FN:39,(anonymous_7)
FN:48,(anonymous_8)
FN:57,(anonymous_9)
FN:59,(anonymous_10)
FN:68,returnDataFromXhr
FNF:11
FNH:2
FNDA:1,(anonymous_1)
FNDA:4,AuthFactory
FNDA:0,getUser
FNDA:0,(anonymous_4)
FNDA:0,(anonymous_5)
FNDA:0,(anonymous_6)
FNDA:0,(anonymous_7)
FNDA:0,(anonymous_8)
FNDA:0,(anonymous_9)
FNDA:0,(anonymous_10)
FNDA:0,returnDataFromXhr
DA:1,1
DA:4,1
DA:7,1
DA:8,4
DA:10,1
DA:11,0
DA:12,0
DA:14,0
DA:15,0
DA:16,0
DA:17,0
DA:19,0
DA:22,0
DA:25,4
DA:27,0
DA:28,0
DA:31,0
DA:32,0
DA:35,0
DA:36,0
DA:37,0
DA:40,0
DA:44,0
DA:49,0
DA:50,0
DA:51,0
DA:52,0
DA:58,0
DA:60,0
DA:61,0
DA:62,0
DA:68,1
DA:69,0
LF:33
LH:7
BRDA:11,1,0,0
BRDA:11,1,1,0
BRDA:15,2,0,0
BRDA:15,2,1,0
BRDA:32,3,0,0
BRDA:32,3,1,0
BRDA:35,4,0,0
BRDA:35,4,1,0
BRDA:60,5,0,0
BRDA:60,5,1,0
BRDA:60,6,0,0
BRDA:60,6,1,0
BRDA:60,6,2,0
BRF:13
BRH:0
end_of_record
TN:
SF:D:\projects\github\crossoverfrontendarchitect\src\client\scripts\app\todo.run.js
FN:1,(anonymous_1)
FN:6,(anonymous_2)
FN:7,(anonymous_3)
FNF:3
FNH:3
FNDA:1,(anonymous_1)
FNDA:23,(anonymous_2)
FNDA:31,(anonymous_3)
DA:1,1
DA:4,1
DA:6,1
DA:7,23
DA:10,31
DA:11,21
DA:13,10
DA:14,2
DA:15,2
LF:9
LH:9
BRDA:10,1,0,21
BRDA:10,1,1,10
BRDA:13,2,0,2
BRDA:13,2,1,8
BRF:4
BRH:4
end_of_record
TN:
SF:D:\projects\github\crossoverfrontendarchitect\src\client\scripts\app\todo.routes.js
FN:1,(anonymous_1)
FN:8,routeConfig
FNF:2
FNH:2
FNDA:1,(anonymous_1)
FNDA:23,routeConfig
DA:1,1
DA:4,1
DA:6,1
DA:8,1
DA:9,23
LF:5
LH:5
BRF:0
BRH:0
end_of_record
TN:
SF:D:\projects\github\crossoverfrontendarchitect\src\client\scripts\app\todo.template.service.js
FN:1,(anonymous_1)
FN:5,(anonymous_2)
FN:6,(anonymous_3)
FNF:3
FNH:1
FNDA:1,(anonymous_1)
FNDA:0,(anonymous_2)
FNDA:0,(anonymous_3)
DA:1,1
DA:4,1
DA:6,0
DA:7,0
DA:9,0
LF:5
LH:2
BRF:0
BRH:0
end_of_record
TN:
SF:D:\projects\github\crossoverfrontendarchitect\src\client\scripts\app\todo.main.controller.js
FN:1,(anonymous_1)
FN:7,MainController
FN:15,isLoggedIn
FN:18,getUsername
FN:22,logout
FN:24,(anonymous_6)
FN:31,(anonymous_7)
FN:36,isActive
FNF:8
FNH:2
FNDA:1,(anonymous_1)
FNDA:1,MainController
FNDA:0,isLoggedIn
FNDA:0,getUsername
FNDA:0,logout
FNDA:0,(anonymous_6)
FNDA:0,(anonymous_7)
FNDA:0,isActive
DA:1,1
DA:4,1
DA:7,1
DA:8,1
DA:10,1
DA:11,1
DA:12,1
DA:13,1
DA:15,1
DA:16,0
DA:18,1
DA:19,0
DA:22,1
DA:23,0
DA:25,0
DA:26,0
DA:28,0
DA:29,0
DA:32,0
DA:36,1
DA:37,0
LF:21
LH:12
BRDA:25,1,0,0
BRDA:25,1,1,0
BRDA:25,2,0,0
BRDA:25,2,1,0
BRF:4
BRH:0
end_of_record
TN:
SF:D:\projects\github\crossoverfrontendarchitect\src\client\scripts\app\todo.menu.js
FN:1,(anonymous_1)
FN:7,todoMenu
FN:10,(anonymous_3)
FN:12,(anonymous_4)
FNF:4
FNH:1
FNDA:1,(anonymous_1)
FNDA:0,todoMenu
FNDA:0,(anonymous_3)
FNDA:0,(anonymous_4)
DA:1,1
DA:4,1
DA:7,1
DA:8,0
DA:12,0
DA:13,0
DA:14,0
DA:15,0
LF:8
LH:3
BRF:0
BRH:0
end_of_record
TN:
SF:D:\projects\github\crossoverfrontendarchitect\src\client\scripts\app\todo\todo.todo.module.js
FN:1,(anonymous_1)
FNF:1
FNH:1
FNDA:1,(anonymous_1)
DA:1,1
DA:4,1
LF:2
LH:2
BRF:0
BRH:0
end_of_record
TN:
SF:D:\projects\github\crossoverfrontendarchitect\src\client\scripts\app\todo\todo.todo.controller.js
FN:1,(anonymous_1)
FN:8,TodoController
FN:21,(anonymous_3)
FNF:3
FNH:2
FNDA:1,(anonymous_1)
FNDA:1,TodoController
FNDA:0,(anonymous_3)
DA:1,1
DA:4,1
DA:6,1
DA:8,1
DA:9,1
DA:11,1
DA:21,1
DA:22,0
LF:8
LH:7
BRF:0
BRH:0
end_of_record
TN:
SF:D:\projects\github\crossoverfrontendarchitect\src\client\scripts\app\todo\todo.todo.directive.js
FN:1,(anonymous_1)
FN:6,(anonymous_2)
FN:7,(anonymous_3)
FN:15,(anonymous_4)
FN:26,(anonymous_5)
FN:35,(anonymous_6)
FN:41,(anonymous_7)
FN:47,(anonymous_8)
FN:59,(anonymous_9)
FN:68,(anonymous_10)
FN:77,(anonymous_11)
FN:83,(anonymous_12)
FNF:12
FNH:1
FNDA:1,(anonymous_1)
FNDA:0,(anonymous_2)
FNDA:0,(anonymous_3)
FNDA:0,(anonymous_4)
FNDA:0,(anonymous_5)
FNDA:0,(anonymous_6)
FNDA:0,(anonymous_7)
FNDA:0,(anonymous_8)
FNDA:0,(anonymous_9)
FNDA:0,(anonymous_10)
FNDA:0,(anonymous_11)
FNDA:0,(anonymous_12)
DA:1,1
DA:4,1
DA:6,1
DA:7,0
DA:9,0
DA:11,0
DA:13,0
DA:16,0
DA:17,0
DA:18,0
DA:19,0
DA:24,0
DA:27,0
DA:28,0
DA:35,1
DA:36,0
DA:43,0
DA:45,0
DA:48,0
DA:50,0
DA:51,0
DA:52,0
DA:57,0
DA:60,0
DA:61,0
DA:66,0
DA:69,0
DA:70,0
DA:75,0
DA:78,0
DA:79,0
DA:80,0
DA:81,0
DA:83,0
DA:84,0
DA:85,0
DA:86,0
LF:37
LH:4
BRDA:50,1,0,0
BRDA:50,1,1,0
BRDA:85,2,0,0
BRDA:85,2,1,0
BRF:4
BRH:0
end_of_record
TN:
SF:D:\projects\github\crossoverfrontendarchitect\src\client\scripts\app\login\todo.login.module.js
FN:1,(anonymous_1)
FNF:1
FNH:1
FNDA:1,(anonymous_1)
DA:1,1
DA:4,1
LF:2
LH:2
BRF:0
BRH:0
end_of_record
TN:
SF:D:\projects\github\crossoverfrontendarchitect\src\client\scripts\app\login\todo.login.controller.js
FN:1,(anonymous_1)
FN:7,LoginController
FN:17,submit
FN:28,login
FN:32,(anonymous_5)
FN:45,(anonymous_6)
FNF:6
FNH:4
FNDA:1,(anonymous_1)
FNDA:5,LoginController
FNDA:2,submit
FNDA:1,login
FNDA:0,(anonymous_5)
FNDA:0,(anonymous_6)
DA:1,1
DA:4,1
DA:7,1
DA:8,5
DA:10,5
DA:11,5
DA:12,5
DA:14,5
DA:15,5
DA:17,1
DA:18,2
DA:19,2
DA:20,2
DA:21,1
DA:23,1
DA:24,1
DA:28,1
DA:29,1
DA:31,1
DA:33,0
DA:34,0
DA:35,0
DA:38,0
DA:42,0
DA:43,0
DA:46,0
LF:26
LH:19
BRDA:20,1,0,1
BRDA:20,1,1,1
BRDA:33,2,0,0
BRDA:33,2,1,0
BRDA:33,3,0,0
BRDA:33,3,1,0
BRF:6
BRH:2
end_of_record
TN:
SF:D:\projects\github\crossoverfrontendarchitect\src\client\scripts\app\about\todo.about.module.js
FN:1,(anonymous_1)
FNF:1
FNH:1
FNDA:1,(anonymous_1)
DA:1,1
DA:4,1
LF:2
LH:2
BRF:0
BRH:0
end_of_record
TN:
SF:D:\projects\github\crossoverfrontendarchitect\src\client\scripts\app\about\todo.about.controller.js
FN:1,(anonymous_1)
FN:7,AboutController
FNF:2
FNH:2
FNDA:1,(anonymous_1)
FNDA:1,AboutController
DA:1,1
DA:4,1
DA:7,1
DA:8,1
DA:10,1
DA:16,1
LF:6
LH:6
BRF:0
BRH:0
end_of_record
TN:
SF:D:\projects\github\crossoverfrontendarchitect\src\client\scripts\app\about\todo.about.directive.js
FN:1,(anonymous_1)
FN:7,todoAbout
FN:10,(anonymous_3)
FN:11,(anonymous_4)
FNF:4
FNH:4
FNDA:1,(anonymous_1)
FNDA:1,todoAbout
FNDA:1,(anonymous_3)
FNDA:1,(anonymous_4)
DA:1,1
DA:4,1
DA:7,1
DA:8,1
DA:11,1
DA:12,1
DA:13,1
DA:14,1
DA:15,1
LF:9
LH:9
BRF:0
BRH:0
end_of_record
