TN:
SF:D:\projects\github\crossoverfrontendarchitect\src\client\scripts\app\todo.module.js
FN:1,(anonymous_1)
FNF:1
FNH:1
FNDA:1,(anonymous_1)
DA:1,1
DA:4,1
LF:2
LH:2
BRF:0
BRH:0
end_of_record
TN:
SF:D:\projects\github\crossoverfrontendarchitect\src\client\scripts\app\todo.auth.service.js
FN:1,(anonymous_1)
FN:7,AuthFactory
FN:11,(anonymous_3)
FN:14,(anonymous_4)
FN:17,(anonymous_5)
FN:22,(anonymous_6)
FN:31,(anonymous_7)
FN:40,(anonymous_8)
FN:47,returnDataFromXhr
FNF:9
FNH:1
FNDA:1,(anonymous_1)
FNDA:0,AuthFactory
FNDA:0,(anonymous_3)
FNDA:0,(anonymous_4)
FNDA:0,(anonymous_5)
FNDA:0,(anonymous_6)
FNDA:0,(anonymous_7)
FNDA:0,(anonymous_8)
FNDA:0,returnDataFromXhr
DA:1,1
DA:4,1
DA:7,1
DA:8,0
DA:10,0
DA:12,0
DA:15,0
DA:18,0
DA:19,0
DA:20,0
DA:23,0
DA:27,0
DA:32,0
DA:33,0
DA:34,0
DA:35,0
DA:41,0
DA:47,1
DA:48,0
LF:19
LH:4
BRDA:15,1,0,0
BRDA:15,1,1,0
BRDA:18,2,0,0
BRDA:18,2,1,0
BRF:4
BRH:0
end_of_record
TN:
SF:D:\projects\github\crossoverfrontendarchitect\src\client\scripts\app\todo.run.js
FN:1,(anonymous_1)
FN:6,(anonymous_2)
FN:7,(anonymous_3)
FNF:3
FNH:3
FNDA:1,(anonymous_1)
FNDA:14,(anonymous_2)
FNDA:31,(anonymous_3)
DA:1,1
DA:4,1
DA:6,1
DA:7,14
DA:10,31
DA:11,21
DA:13,10
DA:14,2
DA:15,2
LF:9
LH:9
BRDA:10,1,0,21
BRDA:10,1,1,10
BRDA:13,2,0,2
BRDA:13,2,1,8
BRF:4
BRH:4
end_of_record
TN:
SF:D:\projects\github\crossoverfrontendarchitect\src\client\scripts\app\todo.routes.js
FN:1,(anonymous_1)
FN:8,routeConfig
FNF:2
FNH:2
FNDA:1,(anonymous_1)
FNDA:18,routeConfig
DA:1,1
DA:4,1
DA:6,1
DA:8,1
DA:9,18
LF:5
LH:5
BRF:0
BRH:0
end_of_record
TN:
SF:D:\projects\github\crossoverfrontendarchitect\src\client\scripts\app\todo.template.service.js
FN:1,(anonymous_1)
FN:5,(anonymous_2)
FN:6,(anonymous_3)
FNF:3
FNH:1
FNDA:1,(anonymous_1)
FNDA:0,(anonymous_2)
FNDA:0,(anonymous_3)
DA:1,1
DA:4,1
DA:6,0
DA:7,0
DA:9,0
LF:5
LH:2
BRF:0
BRH:0
end_of_record
TN:
SF:D:\projects\github\crossoverfrontendarchitect\src\client\scripts\app\todo.main.controller.js
FN:1,(anonymous_1)
FN:7,MainController
FN:15,isLoggedIn
FN:18,getUsername
FN:22,logout
FN:24,(anonymous_6)
FN:31,(anonymous_7)
FN:36,isActive
FNF:8
FNH:1
FNDA:1,(anonymous_1)
FNDA:0,MainController
FNDA:0,isLoggedIn
FNDA:0,getUsername
FNDA:0,logout
FNDA:0,(anonymous_6)
FNDA:0,(anonymous_7)
FNDA:0,isActive
DA:1,1
DA:4,1
DA:7,1
DA:8,0
DA:10,0
DA:11,0
DA:12,0
DA:13,0
DA:15,1
DA:16,0
DA:18,1
DA:19,0
DA:22,1
DA:23,0
DA:25,0
DA:26,0
DA:28,0
DA:29,0
DA:32,0
DA:36,1
DA:37,0
LF:21
LH:7
BRDA:25,1,0,0
BRDA:25,1,1,0
BRDA:25,2,0,0
BRDA:25,2,1,0
BRF:4
BRH:0
end_of_record
TN:
SF:D:\projects\github\crossoverfrontendarchitect\src\client\scripts\app\todo.menu.js
FN:1,(anonymous_1)
FN:7,todoMenu
FN:10,(anonymous_3)
FN:12,(anonymous_4)
FNF:4
FNH:1
FNDA:1,(anonymous_1)
FNDA:0,todoMenu
FNDA:0,(anonymous_3)
FNDA:0,(anonymous_4)
DA:1,1
DA:4,1
DA:7,1
DA:8,0
DA:12,0
DA:13,0
DA:14,0
DA:15,0
LF:8
LH:3
BRF:0
BRH:0
end_of_record
TN:
SF:D:\projects\github\crossoverfrontendarchitect\src\client\scripts\app\todo\todo.todo.module.js
FN:1,(anonymous_1)
FNF:1
FNH:1
FNDA:1,(anonymous_1)
DA:1,1
DA:4,1
LF:2
LH:2
BRF:0
BRH:0
end_of_record
TN:
SF:D:\projects\github\crossoverfrontendarchitect\src\client\scripts\app\todo\todo.todo.controller.js
FN:1,(anonymous_1)
FN:7,TodoController
FNF:2
FNH:1
FNDA:1,(anonymous_1)
FNDA:0,TodoController
DA:1,1
DA:4,1
DA:7,1
DA:8,0
LF:4
LH:3
BRF:0
BRH:0
end_of_record
TN:
SF:D:\projects\github\crossoverfrontendarchitect\src\client\scripts\app\login\todo.login.module.js
FN:1,(anonymous_1)
FNF:1
FNH:1
FNDA:1,(anonymous_1)
DA:1,1
DA:4,1
LF:2
LH:2
BRF:0
BRH:0
end_of_record
TN:
SF:D:\projects\github\crossoverfrontendarchitect\src\client\scripts\app\login\todo.login.controller.js
FN:1,(anonymous_1)
FN:7,LoginController
FN:16,submit
FN:26,login
FN:30,(anonymous_5)
FN:43,(anonymous_6)
FNF:6
FNH:1
FNDA:1,(anonymous_1)
FNDA:0,LoginController
FNDA:0,submit
FNDA:0,login
FNDA:0,(anonymous_5)
FNDA:0,(anonymous_6)
DA:1,1
DA:4,1
DA:7,1
DA:8,0
DA:10,0
DA:11,0
DA:13,0
DA:14,0
DA:16,1
DA:17,0
DA:18,0
DA:19,0
DA:21,0
DA:22,0
DA:26,1
DA:27,0
DA:29,0
DA:31,0
DA:32,0
DA:33,0
DA:36,0
DA:40,0
DA:41,0
DA:44,0
LF:24
LH:5
BRDA:18,1,0,0
BRDA:18,1,1,0
BRDA:31,2,0,0
BRDA:31,2,1,0
BRDA:31,3,0,0
BRDA:31,3,1,0
BRF:6
BRH:0
end_of_record
TN:
SF:D:\projects\github\crossoverfrontendarchitect\src\client\scripts\app\about\todo.about.module.js
FN:1,(anonymous_1)
FNF:1
FNH:1
FNDA:1,(anonymous_1)
DA:1,1
DA:4,1
LF:2
LH:2
BRF:0
BRH:0
end_of_record
TN:
SF:D:\projects\github\crossoverfrontendarchitect\src\client\scripts\app\about\todo.about.controller.js
FN:1,(anonymous_1)
FN:7,AboutController
FNF:2
FNH:1
FNDA:1,(anonymous_1)
FNDA:0,AboutController
DA:1,1
DA:4,1
DA:7,1
DA:8,0
DA:10,0
DA:16,0
LF:6
LH:3
BRF:0
BRH:0
end_of_record
TN:
SF:D:\projects\github\crossoverfrontendarchitect\src\client\scripts\app\about\todo.about.directive.js
FN:1,(anonymous_1)
FN:7,todoAbout
FN:10,(anonymous_3)
FN:11,(anonymous_4)
FNF:4
FNH:1
FNDA:1,(anonymous_1)
FNDA:0,todoAbout
FNDA:0,(anonymous_3)
FNDA:0,(anonymous_4)
DA:1,1
DA:4,1
DA:7,1
DA:8,0
DA:11,0
DA:12,0
DA:13,0
DA:14,0
DA:15,0
LF:9
LH:3
BRF:0
BRH:0
end_of_record
